<?xml version="1.0" encoding="UTF-8"?>
<testng-results skipped="0" failed="0" total="1" passed="1">
  <reporter-output>
  </reporter-output>
  <suite name="Suite" duration-ms="24419" started-at="2017-11-12T05:59:12Z" finished-at="2017-11-12T05:59:36Z">
    <groups>
    </groups>
    <test name="Test" duration-ms="24419" started-at="2017-11-12T05:59:12Z" finished-at="2017-11-12T05:59:36Z">
      <class name="example.test">
        <test-method status="PASS" signature="beforeTest()[pri:0, instance:example.test@c038203]" name="beforeTest" is-config="true" duration-ms="29" started-at="2017-11-12T11:29:12Z" finished-at="2017-11-12T11:29:12Z">
          <reporter-output>
          </reporter-output>
        </test-method> <!-- beforeTest -->
        <test-method status="PASS" signature="f()[pri:0, instance:example.test@c038203]" name="f" duration-ms="24342" started-at="2017-11-12T11:29:12Z" finished-at="2017-11-12T11:29:36Z">
          <reporter-output>
          </reporter-output>
        </test-method> <!-- f -->
      </class> <!-- example.test -->
    </test> <!-- Test -->
  </suite> <!-- Suite -->
</testng-results>
